<?xml version="1.0" encoding="UTF-8"?>
<!-- Generated by org.testng.reporters.JUnitReportReporter -->
<testsuite skipped="0" hostname="sai" name="paytm.runner.Paytm_Runner" tests="1" failures="0" timestamp="16 May 2019 19:27:26 GMT" time="24.501" errors="0">
  <testcase name="feature" time="24.501" classname="paytm.runner.Paytm_Runner"/>
</testsuite> <!-- paytm.runner.Paytm_Runner -->
