<?xml version="1.0" encoding="UTF-8"?>
<!-- Generated by org.testng.reporters.JUnitReportReporter -->
<testsuite skipped="0" hostname="sai" name="com.cucumber_with_testng.TestRunnerWithTestng" tests="1" failures="0" timestamp="18 May 2019 19:44:15 GMT" time="0.353" errors="0">
  <testcase name="feature" time="0.353" classname="com.cucumber_with_testng.TestRunnerWithTestng"/>
</testsuite> <!-- com.cucumber_with_testng.TestRunnerWithTestng -->
