<?xml version="1.0" encoding="UTF-8"?>
<!-- Generated by org.testng.reporters.JUnitReportReporter -->
<testsuite skipped="0" hostname="sai" name="excelFile.com.ExcelFileWriting" tests="1" failures="0" timestamp="02 Jun 2019 07:27:46 GMT" time="0.861" errors="0">
  <testcase name="excel" time="0.861" classname="excelFile.com.ExcelFileWriting"/>
</testsuite> <!-- excelFile.com.ExcelFileWriting -->
